
========================================
[2026-07-14 06:07:33.031] 系统环境信息
========================================
[2026-07-14 06:07:33.051] 系统: Linux localhost 4.14.186-perf-00282-g937895300d86 #1 SMP PREEMPT Mon Sep 19 10:21:33 CST 2022 aarch64 Android
[2026-07-14 06:07:33.071] 内核: 4.14.186-perf-00282-g937895300d86
[2026-07-14 06:07:33.091] 架构: aarch64
[2026-07-14 06:07:33.117] 系统版本: 
[2026-07-14 06:07:33.137] 终端: /dev/pts/27
[2026-07-14 06:07:33.167] 用户: u0_a228 (UID: 10228)
[2026-07-14 06:07:33.178] 当前目录: /data/data/com.termux/files/home
[2026-07-14 06:07:33.188] 脚本路径: /data/data/com.termux/files/usr/bin/nowin
[2026-07-14 06:07:33.198] Shell: /data/data/com.termux/files/usr/bin/bash (版本: 5.3.8(1)-release)
[2026-07-14 06:07:33.208] 变量: HOME = /data/data/com.termux/files/home
[2026-07-14 06:07:33.218] 变量: PREFIX = /data/data/com.termux/files/usr
[2026-07-14 06:07:33.228] 变量: PATH = /data/data/com.termux/files/home/.nasyt:/data/data/com.termux/files/usr/bin

========================================
[2026-07-14 06:07:33.237] 依赖检查
========================================
[2026-07-14 06:07:33.292] ✅ curl: curl 8.17.0 (aarch64-unknown-linux-android) libcurl/8.17.0 OpenSSL/3.6.0 zlib/1.3.1 libssh2/1.11.1 nghttp2/1.68.0 nghttp3/1.13.1
[2026-07-14 06:07:33.450] ✅ chafa: Chafa version 1.18.2

========================================
[2026-07-14 06:07:33.460] 配置参数
========================================
[2026-07-14 06:07:33.470] 变量: SPEED = 0.00000001
[2026-07-14 06:07:33.480] 变量: LINES = 100000000000
[2026-07-14 06:07:33.490] 变量: COLOR = 32
[2026-07-14 06:07:33.500] 变量: R18 = false

========================================
[2026-07-14 06:07:33.510] 调用信息
========================================
[2026-07-14 06:07:33.521] 命令: /data/data/com.termux/files/usr/bin/nowin -i
[2026-07-14 06:07:33.531] 参数个数: 1
[2026-07-14 06:07:33.552] 参数 1: -i

========================================
[2026-07-14 06:07:33.563] 开始执行: show_image()
========================================
[2026-07-14 06:07:33.583] 时间戳: 1783980453
[2026-07-14 06:07:33.594] 开始拉取随机图片
[2026-07-14 06:07:33.635] 变量: tmp_img = /data/data/com.termux/files/home/nowin_1783980453_5528.jpg
[2026-07-14 06:07:33.659] 变量: img_url = https://api.lolicon.app/setu/v2?r18=0&num=1
[2026-07-14 06:07:33.681] 请求 API: https://api.lolicon.app/setu/v2?r18=0&num=1
[2026-07-14 06:07:34.892] curl 退出码: 0
[2026-07-14 06:07:34.913] 请求耗时: 1169ms
[2026-07-14 06:07:34.941] 提取图片链接...
[2026-07-14 06:07:34.990] 变量: img_url_final = https://i.pixiv.re/img-original/img/2025/09/15/15/02/27/135129020_p0.png
[2026-07-14 06:07:35.016] 下载图片: https://i.pixiv.re/img-original/img/2025/09/15/15/02/27/135129020_p0.png
[2026-07-14 06:07:37.040] 下载退出码: 0
[2026-07-14 06:07:37.055] 下载耗时: 1987ms
[2026-07-14 06:07:37.088] 文件大小: 3.2M
[2026-07-14 06:07:37.099] ✅ 图片加载成功
[2026-07-14 06:07:37.113] 执行 chafa -s 50x20 /data/data/com.termux/files/home/nowin_1783980453_5528.jpg
[2026-07-14 06:07:37.398] chafa 退出码: 0
[2026-07-14 06:07:37.420] 清理临时文件: /data/data/com.termux/files/home/nowin_1783980453_5528.jpg

========================================
[2026-07-14 06:07:37.457] show_image() 执行完毕
========================================

========================================
[2026-07-14 06:07:37.469] NoWin 退出
========================================
