
========================================
[2026-07-14 07:57:12.039] 系统环境信息
========================================
[2026-07-14 07:57:12.073] 系统: Linux localhost 4.14.186-perf-00282-g937895300d86 #1 SMP PREEMPT Mon Sep 19 10:21:33 CST 2022 aarch64 Android
[2026-07-14 07:57:12.107] 内核: 4.14.186-perf-00282-g937895300d86
[2026-07-14 07:57:12.141] 架构: aarch64
[2026-07-14 07:57:12.178] 系统版本: 
[2026-07-14 07:57:12.213] 终端: /dev/pts/27
[2026-07-14 07:57:12.264] 用户: u0_a228 (UID: 10228)
[2026-07-14 07:57:12.284] 当前目录: /data/data/com.termux/files/home
[2026-07-14 07:57:12.301] 脚本路径: /data/data/com.termux/files/usr/bin/nowin
[2026-07-14 07:57:12.319] Shell: /data/data/com.termux/files/usr/bin/bash (版本: 5.3.8(1)-release)
[2026-07-14 07:57:12.336] 变量: HOME = /data/data/com.termux/files/home
[2026-07-14 07:57:12.352] 变量: PREFIX = /data/data/com.termux/files/usr
[2026-07-14 07:57:12.369] 变量: PATH = /data/data/com.termux/files/home/.nasyt:/data/data/com.termux/files/usr/bin

========================================
[2026-07-14 07:57:12.387] 依赖检查
========================================
[2026-07-14 07:57:12.425] ✅ curl: curl 8.17.0 (aarch64-unknown-linux-android) libcurl/8.17.0 OpenSSL/3.6.0 zlib/1.3.1 libssh2/1.11.1 nghttp2/1.68.0 nghttp3/1.13.1
[2026-07-14 07:57:12.495] ✅ chafa: Chafa version 1.18.2

========================================
[2026-07-14 07:57:12.513] 配置参数
========================================
[2026-07-14 07:57:12.530] 变量: SPEED = 0.00000001
[2026-07-14 07:57:12.547] 变量: LINES = 100000000000
[2026-07-14 07:57:12.564] 变量: COLOR = 32
[2026-07-14 07:57:12.581] 变量: R18 = false

========================================
[2026-07-14 07:57:12.598] 调用信息
========================================
[2026-07-14 07:57:12.615] 命令: /data/data/com.termux/files/usr/bin/nowin -i
[2026-07-14 07:57:12.632] 参数个数: 1
[2026-07-14 07:57:12.665] 参数 1: -i

========================================
[2026-07-14 07:57:12.684] 开始执行: show_image()
========================================
[2026-07-14 07:57:12.718] 时间戳: 1783987032
[2026-07-14 07:57:12.734] 开始拉取随机图片
[2026-07-14 07:57:12.767] 变量: tmp_img = /data/data/com.termux/files/home/nowin_1783987032_24738.jpg
[2026-07-14 07:57:12.785] 变量: img_url = https://api.lolicon.app/setu/v2?r18=0&num=1
[2026-07-14 07:57:12.803] 请求 API: https://api.lolicon.app/setu/v2?r18=0&num=1
[2026-07-14 07:57:13.876] curl 退出码: 0
[2026-07-14 07:57:13.893] 请求耗时: 1038ms
[2026-07-14 07:57:13.911] 提取图片链接...
[2026-07-14 07:57:13.947] 变量: img_url_final = https://i.pixiv.re/img-original/img/2025/06/24/12/06/01/131917575_p0.png
[2026-07-14 07:57:13.964] 下载图片: https://i.pixiv.re/img-original/img/2025/06/24/12/06/01/131917575_p0.png
[2026-07-14 07:57:21.439] 下载退出码: 0
[2026-07-14 07:57:21.457] 下载耗时: 7439ms
[2026-07-14 07:57:21.504] 文件大小: 1.1M
[2026-07-14 07:57:21.523] ✅ 图片加载成功
[2026-07-14 07:57:21.541] 执行 chafa -s 50x20 /data/data/com.termux/files/home/nowin_1783987032_24738.jpg
[2026-07-14 07:57:21.850] chafa 退出码: 0
[2026-07-14 07:57:21.867] 清理临时文件: /data/data/com.termux/files/home/nowin_1783987032_24738.jpg

========================================
[2026-07-14 07:57:21.902] show_image() 执行完毕
========================================

========================================
[2026-07-14 07:57:21.920] NoWin 退出
========================================
