
========================================
[2026-07-13 18:20:51.598] 系统环境信息
========================================
[2026-07-13 18:20:51.619] 系统: Linux localhost 4.14.186-perf-00282-g937895300d86 #1 SMP PREEMPT Mon Sep 19 10:21:33 CST 2022 aarch64 Android
[2026-07-13 18:20:51.640] 内核: 4.14.186-perf-00282-g937895300d86
[2026-07-13 18:20:51.659] 架构: aarch64
[2026-07-13 18:20:51.687] 系统版本: 
[2026-07-13 18:20:51.707] 终端: /dev/pts/27
[2026-07-13 18:20:51.738] 用户: u0_a228 (UID: 10228)
[2026-07-13 18:20:51.749] 当前目录: /data/data/com.termux/files/home/NoWin
[2026-07-13 18:20:51.759] 脚本路径: /data/data/com.termux/files/usr/bin/nowin
[2026-07-13 18:20:51.770] Shell: /data/data/com.termux/files/usr/bin/bash (版本: 5.3.8(1)-release)
[2026-07-13 18:20:51.780] 变量: HOME = /data/data/com.termux/files/home
[2026-07-13 18:20:51.790] 变量: PREFIX = /data/data/com.termux/files/usr
[2026-07-13 18:20:51.800] 变量: PATH = /data/data/com.termux/files/home/.nasyt:/data/data/com.termux/files/usr/bin

========================================
[2026-07-13 18:20:51.811] 依赖检查
========================================
[2026-07-13 18:20:51.870] ✅ curl: curl 8.17.0 (aarch64-unknown-linux-android) libcurl/8.17.0 OpenSSL/3.6.0 zlib/1.3.1 libssh2/1.11.1 nghttp2/1.68.0 nghttp3/1.13.1
[2026-07-13 18:20:52.037] ✅ chafa: Chafa version 1.18.2

========================================
[2026-07-13 18:20:52.048] 配置参数
========================================
[2026-07-13 18:20:52.059] 变量: SPEED = 0.00000001
[2026-07-13 18:20:52.069] 变量: LINES = 100000000000
[2026-07-13 18:20:52.080] 变量: COLOR = 32
[2026-07-13 18:20:52.091] 变量: R18 = false

========================================
[2026-07-13 18:20:52.103] 调用信息
========================================
[2026-07-13 18:20:52.114] 命令: /data/data/com.termux/files/usr/bin/nowin 
[2026-07-13 18:20:52.125] 参数个数: 0

========================================
[2026-07-13 18:20:52.148] 开始刷屏
========================================
[2026-07-13 18:20:52.159] 行数: 100000000000, 速度: 0.00000001, 颜色: 32
[2026-07-13 18:20:52.711] 刷屏完成

========================================
[2026-07-13 18:20:52.733] NoWin 退出
========================================
