
========================================
[2026-07-14 07:56:21.440] 系统环境信息
========================================
[2026-07-14 07:56:21.462] 系统: Linux localhost 4.14.186-perf-00282-g937895300d86 #1 SMP PREEMPT Mon Sep 19 10:21:33 CST 2022 aarch64 Android
[2026-07-14 07:56:21.501] 内核: 4.14.186-perf-00282-g937895300d86
[2026-07-14 07:56:21.544] 架构: aarch64
[2026-07-14 07:56:21.605] 系统版本: 
[2026-07-14 07:56:21.651] 终端: /dev/pts/27
[2026-07-14 07:56:21.721] 用户: u0_a228 (UID: 10228)
[2026-07-14 07:56:21.763] 当前目录: /data/data/com.termux/files/home/NoWin
[2026-07-14 07:56:21.787] 脚本路径: /data/data/com.termux/files/usr/bin/nowin
[2026-07-14 07:56:21.811] Shell: /data/data/com.termux/files/usr/bin/bash (版本: 5.3.8(1)-release)
[2026-07-14 07:56:21.834] 变量: HOME = /data/data/com.termux/files/home
[2026-07-14 07:56:21.858] 变量: PREFIX = /data/data/com.termux/files/usr
[2026-07-14 07:56:21.881] 变量: PATH = /data/data/com.termux/files/home/.nasyt:/data/data/com.termux/files/usr/bin

========================================
[2026-07-14 07:56:21.905] 依赖检查
========================================
[2026-07-14 07:56:21.960] ✅ curl: curl 8.17.0 (aarch64-unknown-linux-android) libcurl/8.17.0 OpenSSL/3.6.0 zlib/1.3.1 libssh2/1.11.1 nghttp2/1.68.0 nghttp3/1.13.1
[2026-07-14 07:56:22.290] ✅ chafa: Chafa version 1.18.2

========================================
[2026-07-14 07:56:22.314] 配置参数
========================================
[2026-07-14 07:56:22.338] 变量: SPEED = 0.00000001
[2026-07-14 07:56:22.361] 变量: LINES = 100000000000
[2026-07-14 07:56:22.385] 变量: COLOR = 32
[2026-07-14 07:56:22.408] 变量: R18 = false

========================================
[2026-07-14 07:56:22.432] 调用信息
========================================
[2026-07-14 07:56:22.455] 命令: /data/data/com.termux/files/usr/bin/nowin -i
[2026-07-14 07:56:22.484] 参数个数: 1
[2026-07-14 07:56:22.535] 参数 1: -i

========================================
[2026-07-14 07:56:22.563] 开始执行: show_image()
========================================
[2026-07-14 07:56:22.613] 时间戳: 1783986982
[2026-07-14 07:56:22.638] 开始拉取随机图片
[2026-07-14 07:56:22.685] 变量: tmp_img = /data/data/com.termux/files/home/nowin_1783986982_32232.jpg
[2026-07-14 07:56:22.708] 变量: img_url = https://api.lolicon.app/setu/v2?r18=0&num=1
[2026-07-14 07:56:22.730] 请求 API: https://api.lolicon.app/setu/v2?r18=0&num=1
[2026-07-14 07:56:23.941] curl 退出码: 0
[2026-07-14 07:56:23.965] 请求耗时: 1165ms
[2026-07-14 07:56:23.989] 提取图片链接...
[2026-07-14 07:56:24.036] 变量: img_url_final = https://i.pixiv.re/img-original/img/2022/07/03/02/15/59/99462717_p0.png
[2026-07-14 07:56:24.059] 下载图片: https://i.pixiv.re/img-original/img/2022/07/03/02/15/59/99462717_p0.png
