
========================================
[2026-07-14 06:06:19.489] 系统环境信息
========================================
[2026-07-14 06:06:19.510] 系统: Linux localhost 4.14.186-perf-00282-g937895300d86 #1 SMP PREEMPT Mon Sep 19 10:21:33 CST 2022 aarch64 Android
[2026-07-14 06:06:19.529] 内核: 4.14.186-perf-00282-g937895300d86
[2026-07-14 06:06:19.549] 架构: aarch64
[2026-07-14 06:06:19.576] 系统版本: 
[2026-07-14 06:06:19.596] 终端: /dev/pts/27
[2026-07-14 06:06:19.626] 用户: u0_a228 (UID: 10228)
[2026-07-14 06:06:19.637] 当前目录: /data/data/com.termux/files/home
[2026-07-14 06:06:19.647] 脚本路径: /data/data/com.termux/files/usr/bin/nowin
[2026-07-14 06:06:19.657] Shell: /data/data/com.termux/files/usr/bin/bash (版本: 5.3.8(1)-release)
[2026-07-14 06:06:19.667] 变量: HOME = /data/data/com.termux/files/home
[2026-07-14 06:06:19.677] 变量: PREFIX = /data/data/com.termux/files/usr
[2026-07-14 06:06:19.687] 变量: PATH = /data/data/com.termux/files/home/.nasyt:/data/data/com.termux/files/usr/bin

========================================
[2026-07-14 06:06:19.697] 依赖检查
========================================
[2026-07-14 06:06:19.753] ✅ curl: curl 8.17.0 (aarch64-unknown-linux-android) libcurl/8.17.0 OpenSSL/3.6.0 zlib/1.3.1 libssh2/1.11.1 nghttp2/1.68.0 nghttp3/1.13.1
[2026-07-14 06:06:19.913] ✅ chafa: Chafa version 1.18.2

========================================
[2026-07-14 06:06:19.923] 配置参数
========================================
[2026-07-14 06:06:19.933] 变量: SPEED = 0.00000001
[2026-07-14 06:06:19.943] 变量: LINES = 100000000000
[2026-07-14 06:06:19.953] 变量: COLOR = 32
[2026-07-14 06:06:19.963] 变量: R18 = false

========================================
[2026-07-14 06:06:19.973] 调用信息
========================================
[2026-07-14 06:06:19.983] 命令: /data/data/com.termux/files/usr/bin/nowin -i
[2026-07-14 06:06:19.993] 参数个数: 1
[2026-07-14 06:06:20.013] 参数 1: -i

========================================
[2026-07-14 06:06:20.024] 开始执行: show_image()
========================================
[2026-07-14 06:06:20.043] 时间戳: 1783980380
[2026-07-14 06:06:20.053] 开始拉取随机图片
[2026-07-14 06:06:20.081] 变量: tmp_img = /data/data/com.termux/files/home/nowin_1783980380_30256.jpg
[2026-07-14 06:06:20.099] 变量: img_url = https://api.lolicon.app/setu/v2?r18=0&num=1
[2026-07-14 06:06:20.121] 请求 API: https://api.lolicon.app/setu/v2?r18=0&num=1
[2026-07-14 06:06:21.353] curl 退出码: 0
[2026-07-14 06:06:21.374] 请求耗时: 1190ms
[2026-07-14 06:06:21.394] 提取图片链接...
[2026-07-14 06:06:21.439] 变量: img_url_final = https://i.pixiv.re/img-original/img/2022/06/26/18/40/48/99318866_p0.jpg
[2026-07-14 06:06:21.460] 下载图片: https://i.pixiv.re/img-original/img/2022/06/26/18/40/48/99318866_p0.jpg
[2026-07-14 06:06:28.205] 下载退出码: 0
[2026-07-14 06:06:28.232] 下载耗时: 6694ms
[2026-07-14 06:06:28.293] 文件大小: 3.6M
[2026-07-14 06:06:28.326] ✅ 图片加载成功
[2026-07-14 06:06:28.353] 执行 chafa -s 50x20 /data/data/com.termux/files/home/nowin_1783980380_30256.jpg
[2026-07-14 06:06:28.649] chafa 退出码: 0
[2026-07-14 06:06:28.663] 清理临时文件: /data/data/com.termux/files/home/nowin_1783980380_30256.jpg

========================================
[2026-07-14 06:06:28.694] show_image() 执行完毕
========================================

========================================
[2026-07-14 06:06:28.720] NoWin 退出
========================================
