
========================================
[2026-07-14 06:05:14.329] 系统环境信息
========================================
[2026-07-14 06:05:14.363] 系统: Linux localhost 4.14.186-perf-00282-g937895300d86 #1 SMP PREEMPT Mon Sep 19 10:21:33 CST 2022 aarch64 Android
[2026-07-14 06:05:14.399] 内核: 4.14.186-perf-00282-g937895300d86
[2026-07-14 06:05:14.428] 架构: aarch64
[2026-07-14 06:05:14.470] 系统版本: 
[2026-07-14 06:05:14.503] 终端: /dev/pts/27
[2026-07-14 06:05:14.550] 用户: u0_a228 (UID: 10228)
[2026-07-14 06:05:14.570] 当前目录: /data/data/com.termux/files/home
[2026-07-14 06:05:14.585] 脚本路径: /data/data/com.termux/files/usr/bin/nowin
[2026-07-14 06:05:14.601] Shell: /data/data/com.termux/files/usr/bin/bash (版本: 5.3.8(1)-release)
[2026-07-14 06:05:14.616] 变量: HOME = /data/data/com.termux/files/home
[2026-07-14 06:05:14.633] 变量: PREFIX = /data/data/com.termux/files/usr
[2026-07-14 06:05:14.649] 变量: PATH = /data/data/com.termux/files/home/.nasyt:/data/data/com.termux/files/usr/bin

========================================
[2026-07-14 06:05:14.666] 依赖检查
========================================
[2026-07-14 06:05:14.734] ✅ curl: curl 8.17.0 (aarch64-unknown-linux-android) libcurl/8.17.0 OpenSSL/3.6.0 zlib/1.3.1 libssh2/1.11.1 nghttp2/1.68.0 nghttp3/1.13.1
[2026-07-14 06:05:14.941] ✅ chafa: Chafa version 1.18.2

========================================
[2026-07-14 06:05:14.957] 配置参数
========================================
[2026-07-14 06:05:14.972] 变量: SPEED = 0.00000001
[2026-07-14 06:05:14.988] 变量: LINES = 100000000000
[2026-07-14 06:05:15.003] 变量: COLOR = 32
[2026-07-14 06:05:15.019] 变量: R18 = false

========================================
[2026-07-14 06:05:15.035] 调用信息
========================================
[2026-07-14 06:05:15.050] 命令: /data/data/com.termux/files/usr/bin/nowin -i
[2026-07-14 06:05:15.066] 参数个数: 1
[2026-07-14 06:05:15.098] 参数 1: -i

========================================
[2026-07-14 06:05:15.116] 开始执行: show_image()
========================================
[2026-07-14 06:05:15.147] 时间戳: 1783980315
[2026-07-14 06:05:15.163] 开始拉取随机图片
[2026-07-14 06:05:15.197] 变量: tmp_img = /data/data/com.termux/files/home/nowin_1783980315_15134.jpg
[2026-07-14 06:05:15.215] 变量: img_url = https://api.lolicon.app/setu/v2?r18=0&num=1
[2026-07-14 06:05:15.231] 请求 API: https://api.lolicon.app/setu/v2?r18=0&num=1
[2026-07-14 06:05:16.893] curl 退出码: 0
[2026-07-14 06:05:16.904] 请求耗时: 1633ms
[2026-07-14 06:05:16.915] 提取图片链接...
[2026-07-14 06:05:16.941] 变量: img_url_final = https://i.pixiv.re/img-original/img/2022/09/10/21/50/19/101134192_p0.jpg
[2026-07-14 06:05:16.953] 下载图片: https://i.pixiv.re/img-original/img/2022/09/10/21/50/19/101134192_p0.jpg
[2026-07-14 06:05:22.360] 下载退出码: 0
[2026-07-14 06:05:22.375] 下载耗时: 5375ms
[2026-07-14 06:05:22.424] 文件大小: 5.7M
[2026-07-14 06:05:22.446] ✅ 图片加载成功
[2026-07-14 06:05:22.472] 执行 chafa -s 50x20 /data/data/com.termux/files/home/nowin_1783980315_15134.jpg
[2026-07-14 06:05:23.387] chafa 退出码: 0
[2026-07-14 06:05:23.400] 清理临时文件: /data/data/com.termux/files/home/nowin_1783980315_15134.jpg

========================================
[2026-07-14 06:05:23.436] show_image() 执行完毕
========================================

========================================
[2026-07-14 06:05:23.461] NoWin 退出
========================================
