
========================================
[2026-07-13 18:20:59.980] 系统环境信息
========================================
[2026-07-13 18:21:00.013] 系统: Linux localhost 4.14.186-perf-00282-g937895300d86 #1 SMP PREEMPT Mon Sep 19 10:21:33 CST 2022 aarch64 Android
[2026-07-13 18:21:00.046] 内核: 4.14.186-perf-00282-g937895300d86
[2026-07-13 18:21:00.091] 架构: aarch64
[2026-07-13 18:21:00.152] 系统版本: 
[2026-07-13 18:21:00.195] 终端: /dev/pts/27
[2026-07-13 18:21:00.259] 用户: u0_a228 (UID: 10228)
[2026-07-13 18:21:00.283] 当前目录: /data/data/com.termux/files/home/NoWin
[2026-07-13 18:21:00.305] 脚本路径: /data/data/com.termux/files/usr/bin/nowin
[2026-07-13 18:21:00.328] Shell: /data/data/com.termux/files/usr/bin/bash (版本: 5.3.8(1)-release)
[2026-07-13 18:21:00.350] 变量: HOME = /data/data/com.termux/files/home
[2026-07-13 18:21:00.372] 变量: PREFIX = /data/data/com.termux/files/usr
[2026-07-13 18:21:00.395] 变量: PATH = /data/data/com.termux/files/home/.nasyt:/data/data/com.termux/files/usr/bin

========================================
[2026-07-13 18:21:00.417] 依赖检查
========================================
[2026-07-13 18:21:00.469] ✅ curl: curl 8.17.0 (aarch64-unknown-linux-android) libcurl/8.17.0 OpenSSL/3.6.0 zlib/1.3.1 libssh2/1.11.1 nghttp2/1.68.0 nghttp3/1.13.1
[2026-07-13 18:21:00.556] ✅ chafa: Chafa version 1.18.2

========================================
[2026-07-13 18:21:00.584] 配置参数
========================================
[2026-07-13 18:21:00.607] 变量: SPEED = 0.00000001
[2026-07-13 18:21:00.629] 变量: LINES = 100000000000
[2026-07-13 18:21:00.651] 变量: COLOR = 32
[2026-07-13 18:21:00.671] 变量: R18 = false

========================================
[2026-07-13 18:21:00.692] 调用信息
========================================
[2026-07-13 18:21:00.712] 命令: /data/data/com.termux/files/usr/bin/nowin -i
[2026-07-13 18:21:00.733] 参数个数: 1
[2026-07-13 18:21:00.775] 参数 1: -i

========================================
[2026-07-13 18:21:00.798] 开始执行: show_image()
========================================
[2026-07-13 18:21:00.841] 时间戳: 1783938060
[2026-07-13 18:21:00.862] 开始拉取随机图片
[2026-07-13 18:21:00.903] 变量: tmp_img = /data/data/com.termux/files/home/nowin_1783938060_8575.jpg
[2026-07-13 18:21:00.920] 变量: img_url = https://api.lolicon.app/setu/v2?r18=0&num=1
[2026-07-13 18:21:00.941] 请求 API: https://api.lolicon.app/setu/v2?r18=0&num=1
[2026-07-13 18:21:02.158] curl 退出码: 0
[2026-07-13 18:21:02.183] 请求耗时: 1172ms
[2026-07-13 18:21:02.207] 提取图片链接...
[2026-07-13 18:21:02.255] 变量: img_url_final = https://i.pixiv.re/img-original/img/2022/11/16/00/00/21/102825333_p0.jpg
[2026-07-13 18:21:02.280] 下载图片: https://i.pixiv.re/img-original/img/2022/11/16/00/00/21/102825333_p0.jpg
[2026-07-13 18:21:15.143] 下载退出码: 0
[2026-07-13 18:21:15.155] 下载耗时: 12822ms
[2026-07-13 18:21:15.192] 文件大小: 3.4M
[2026-07-13 18:21:15.205] ✅ 图片加载成功
[2026-07-13 18:21:15.219] 执行 chafa -s 50x20 /data/data/com.termux/files/home/nowin_1783938060_8575.jpg
[2026-07-13 18:21:15.483] chafa 退出码: 0
[2026-07-13 18:21:15.493] 清理临时文件: /data/data/com.termux/files/home/nowin_1783938060_8575.jpg

========================================
[2026-07-13 18:21:15.516] show_image() 执行完毕
========================================

========================================
[2026-07-13 18:21:15.527] NoWin 退出
========================================
